#  step      rmse_trn   rmse_ados_trn         lr
      0      1.11e+00      1.11e+00    1.0e-03
   1000      1.39e-02      1.39e-02    1.0e-03
   2000      1.77e-02      1.77e-02    1.0e-03
   3000      2.11e-02      2.11e-02    1.0e-03
   4000      2.31e-02      2.31e-02    1.0e-03
   5000      2.42e-02      2.42e-02    9.4e-04
   6000      1.80e-02      1.80e-02    9.4e-04
   7000      8.66e-03      8.66e-03    9.4e-04
   8000      1.28e-02      1.28e-02    9.4e-04
   9000      1.72e-02      1.72e-02    9.4e-04
  10000      1.15e-02      1.15e-02    8.9e-04
  11000      7.91e-03      7.91e-03    8.9e-04
  12000      7.55e-03      7.55e-03    8.9e-04
  13000      5.78e-03      5.78e-03    8.9e-04
  14000      6.70e-03      6.70e-03    8.9e-04
  15000      6.68e-03      6.68e-03    8.4e-04
  16000      1.15e-02      1.15e-02    8.4e-04
  17000      6.50e-03      6.50e-03    8.4e-04
  18000      5.82e-03      5.82e-03    8.4e-04
  19000      8.67e-03      8.67e-03    8.4e-04
  20000      7.85e-03      7.85e-03    7.9e-04
  21000      6.07e-03      6.07e-03    7.9e-04
  22000      1.31e-02      1.31e-02    7.9e-04
  23000      1.22e-02      1.22e-02    7.9e-04
  24000      8.07e-03      8.07e-03    7.9e-04
  25000      5.66e-03      5.66e-03    7.5e-04
  26000      8.48e-03      8.48e-03    7.5e-04
  27000      8.23e-03      8.23e-03    7.5e-04
  28000      6.05e-03      6.05e-03    7.5e-04
  29000      1.06e-02      1.06e-02    7.5e-04
  30000      6.69e-03      6.69e-03    7.1e-04
  31000      5.12e-03      5.12e-03    7.1e-04
  32000      4.63e-03      4.63e-03    7.1e-04
  33000      9.64e-03      9.64e-03    7.1e-04
  34000      9.84e-03      9.84e-03    7.1e-04
  35000      7.44e-03      7.44e-03    6.7e-04
  36000      5.33e-03      5.33e-03    6.7e-04
  37000      7.10e-03      7.10e-03    6.7e-04
  38000      6.75e-03      6.75e-03    6.7e-04
  39000      5.36e-03      5.36e-03    6.7e-04
  40000      4.78e-03      4.78e-03    6.3e-04
  41000      7.10e-03      7.10e-03    6.3e-04
  42000      6.26e-03      6.26e-03    6.3e-04
  43000      4.90e-03      4.90e-03    6.3e-04
  44000      5.44e-03      5.44e-03    6.3e-04
  45000      5.42e-03      5.42e-03    6.0e-04
  46000      4.72e-03      4.72e-03    6.0e-04
  47000      5.53e-03      5.53e-03    6.0e-04
  48000      4.98e-03      4.98e-03    6.0e-04
  49000      5.86e-03      5.86e-03    6.0e-04
  50000      6.77e-03      6.77e-03    5.6e-04
  51000      5.09e-03      5.09e-03    5.6e-04
  52000      5.81e-03      5.81e-03    5.6e-04
  53000      4.73e-03      4.73e-03    5.6e-04
  54000      4.77e-03      4.77e-03    5.6e-04
  55000      1.17e-02      1.17e-02    5.3e-04
  56000      7.92e-03      7.92e-03    5.3e-04
  57000      5.21e-03      5.21e-03    5.3e-04
  58000      4.21e-03      4.21e-03    5.3e-04
  59000      6.78e-03      6.78e-03    5.3e-04
  60000      5.81e-03      5.81e-03    5.0e-04
  61000      6.91e-03      6.91e-03    5.0e-04
  62000      5.05e-03      5.05e-03    5.0e-04
  63000      6.94e-03      6.94e-03    5.0e-04
  64000      6.55e-03      6.55e-03    5.0e-04
  65000      5.85e-03      5.85e-03    4.7e-04
  66000      4.19e-03      4.19e-03    4.7e-04
  67000      4.05e-03      4.05e-03    4.7e-04
  68000      5.67e-03      5.67e-03    4.7e-04
  69000      5.64e-03      5.64e-03    4.7e-04
  70000      6.39e-03      6.39e-03    4.5e-04
  71000      5.35e-03      5.35e-03    4.5e-04
  72000      4.85e-03      4.85e-03    4.5e-04
  73000      4.93e-03      4.93e-03    4.5e-04
  74000      5.07e-03      5.07e-03    4.5e-04
  75000      7.28e-03      7.28e-03    4.2e-04
  76000      5.10e-03      5.10e-03    4.2e-04
  77000      6.06e-03      6.06e-03    4.2e-04
  78000      4.88e-03      4.88e-03    4.2e-04
  79000      7.42e-03      7.42e-03    4.2e-04
  80000      3.81e-03      3.81e-03    4.0e-04
  81000      4.25e-03      4.25e-03    4.0e-04
  82000      8.75e-03      8.75e-03    4.0e-04
  83000      5.92e-03      5.92e-03    4.0e-04
  84000      5.43e-03      5.43e-03    4.0e-04
  85000      6.14e-03      6.14e-03    3.8e-04
  86000      6.02e-03      6.02e-03    3.8e-04
  87000      5.70e-03      5.70e-03    3.8e-04
  88000      4.99e-03      4.99e-03    3.8e-04
  89000      4.87e-03      4.87e-03    3.8e-04
  90000      4.85e-03      4.85e-03    3.5e-04
  91000      4.62e-03      4.62e-03    3.5e-04
  92000      6.51e-03      6.51e-03    3.5e-04
  93000      4.79e-03      4.79e-03    3.5e-04
  94000      4.48e-03      4.48e-03    3.5e-04
  95000      5.07e-03      5.07e-03    3.3e-04
  96000      5.35e-03      5.35e-03    3.3e-04
  97000      6.12e-03      6.12e-03    3.3e-04
  98000      5.92e-03      5.92e-03    3.3e-04
  99000      4.31e-03      4.31e-03    3.3e-04
 100000      4.24e-03      4.24e-03    3.2e-04
 101000      4.61e-03      4.61e-03    3.2e-04
 102000      4.59e-03      4.59e-03    3.2e-04
 103000      5.05e-03      5.05e-03    3.2e-04
 104000      4.91e-03      4.91e-03    3.2e-04
 105000      5.42e-03      5.42e-03    3.0e-04
 106000      5.14e-03      5.14e-03    3.0e-04
 107000      4.76e-03      4.76e-03    3.0e-04
 108000      4.78e-03      4.78e-03    3.0e-04
 109000      4.19e-03      4.19e-03    3.0e-04
 110000      5.28e-03      5.28e-03    2.8e-04
 111000      6.08e-03      6.08e-03    2.8e-04
 112000      5.35e-03      5.35e-03    2.8e-04
 113000      5.25e-03      5.25e-03    2.8e-04
 114000      4.78e-03      4.78e-03    2.8e-04
 115000      5.06e-03      5.06e-03    2.7e-04
 116000      6.67e-03      6.67e-03    2.7e-04
 117000      5.38e-03      5.38e-03    2.7e-04
 118000      4.54e-03      4.54e-03    2.7e-04
 119000      4.13e-03      4.13e-03    2.7e-04
 120000      4.84e-03      4.84e-03    2.5e-04
 121000      4.47e-03      4.47e-03    2.5e-04
 122000      4.80e-03      4.80e-03    2.5e-04
 123000      5.10e-03      5.10e-03    2.5e-04
 124000      4.36e-03      4.36e-03    2.5e-04
 125000      5.13e-03      5.13e-03    2.4e-04
 126000      4.51e-03      4.51e-03    2.4e-04
 127000      5.09e-03      5.09e-03    2.4e-04
 128000      4.07e-03      4.07e-03    2.4e-04
 129000      5.48e-03      5.48e-03    2.4e-04
 130000      5.59e-03      5.59e-03    2.2e-04
 131000      4.69e-03      4.69e-03    2.2e-04
 132000      5.12e-03      5.12e-03    2.2e-04
 133000      4.72e-03      4.72e-03    2.2e-04
 134000      4.89e-03      4.89e-03    2.2e-04
 135000      4.28e-03      4.28e-03    2.1e-04
 136000      4.54e-03      4.54e-03    2.1e-04
 137000      4.94e-03      4.94e-03    2.1e-04
 138000      4.94e-03      4.94e-03    2.1e-04
 139000      3.70e-03      3.70e-03    2.1e-04
 140000      9.49e-03      9.49e-03    2.0e-04
 141000      3.65e-03      3.65e-03    2.0e-04
 142000      4.61e-03      4.61e-03    2.0e-04
 143000      5.03e-03      5.03e-03    2.0e-04
 144000      5.19e-03      5.19e-03    2.0e-04
 145000      3.98e-03      3.98e-03    1.9e-04
 146000      4.43e-03      4.43e-03    1.9e-04
 147000      3.76e-03      3.76e-03    1.9e-04
 148000      7.55e-03      7.55e-03    1.9e-04
 149000      4.36e-03      4.36e-03    1.9e-04
 150000      4.46e-03      4.46e-03    1.8e-04
 151000      4.77e-03      4.77e-03    1.8e-04
 152000      4.79e-03      4.79e-03    1.8e-04
 153000      3.79e-03      3.79e-03    1.8e-04
 154000      4.89e-03      4.89e-03    1.8e-04
 155000      4.47e-03      4.47e-03    1.7e-04
 156000      3.53e-03      3.53e-03    1.7e-04
 157000      4.42e-03      4.42e-03    1.7e-04
 158000      3.87e-03      3.87e-03    1.7e-04
 159000      4.65e-03      4.65e-03    1.7e-04
 160000      5.41e-03      5.41e-03    1.6e-04
 161000      4.11e-03      4.11e-03    1.6e-04
 162000      4.82e-03      4.82e-03    1.6e-04
 163000      4.37e-03      4.37e-03    1.6e-04
 164000      4.39e-03      4.39e-03    1.6e-04
 165000      3.69e-03      3.69e-03    1.5e-04
 166000      3.98e-03      3.98e-03    1.5e-04
 167000      3.07e-03      3.07e-03    1.5e-04
 168000      5.42e-03      5.42e-03    1.5e-04
 169000      4.72e-03      4.72e-03    1.5e-04
 170000      5.45e-03      5.45e-03    1.4e-04
 171000      3.91e-03      3.91e-03    1.4e-04
 172000      3.63e-03      3.63e-03    1.4e-04
 173000      3.48e-03      3.48e-03    1.4e-04
 174000      5.76e-03      5.76e-03    1.4e-04
 175000      3.83e-03      3.83e-03    1.3e-04
 176000      4.31e-03      4.31e-03    1.3e-04
 177000      5.24e-03      5.24e-03    1.3e-04
 178000      4.32e-03      4.32e-03    1.3e-04
 179000      5.19e-03      5.19e-03    1.3e-04
 180000      5.05e-03      5.05e-03    1.3e-04
 181000      4.18e-03      4.18e-03    1.3e-04
 182000      4.91e-03      4.91e-03    1.3e-04
 183000      5.54e-03      5.54e-03    1.3e-04
 184000      4.28e-03      4.28e-03    1.3e-04
 185000      4.70e-03      4.70e-03    1.2e-04
 186000      4.57e-03      4.57e-03    1.2e-04
 187000      4.56e-03      4.56e-03    1.2e-04
 188000      4.73e-03      4.73e-03    1.2e-04
 189000      4.38e-03      4.38e-03    1.2e-04
 190000      4.57e-03      4.57e-03    1.1e-04
 191000      4.72e-03      4.72e-03    1.1e-04
 192000      3.86e-03      3.86e-03    1.1e-04
 193000      4.58e-03      4.58e-03    1.1e-04
 194000      4.41e-03      4.41e-03    1.1e-04
 195000      5.93e-03      5.93e-03    1.1e-04
 196000      4.25e-03      4.25e-03    1.1e-04
 197000      4.02e-03      4.02e-03    1.1e-04
 198000      6.44e-03      6.44e-03    1.1e-04
 199000      4.77e-03      4.77e-03    1.1e-04
 200000      4.26e-03      4.26e-03    1.0e-04
 201000      4.51e-03      4.51e-03    1.0e-04
 202000      4.03e-03      4.03e-03    1.0e-04
 203000      4.44e-03      4.44e-03    1.0e-04
 204000      5.04e-03      5.04e-03    1.0e-04
 205000      3.34e-03      3.34e-03    9.4e-05
 206000      7.05e-03      7.05e-03    9.4e-05
 207000      4.26e-03      4.26e-03    9.4e-05
 208000      4.67e-03      4.67e-03    9.4e-05
 209000      4.15e-03      4.15e-03    9.4e-05
 210000      4.67e-03      4.67e-03    8.9e-05
 211000      3.68e-03      3.68e-03    8.9e-05
 212000      4.28e-03      4.28e-03    8.9e-05
 213000      4.09e-03      4.09e-03    8.9e-05
 214000      4.75e-03      4.75e-03    8.9e-05
 215000      4.66e-03      4.66e-03    8.4e-05
 216000      3.89e-03      3.89e-03    8.4e-05
 217000      4.32e-03      4.32e-03    8.4e-05
 218000      4.14e-03      4.14e-03    8.4e-05
 219000      4.86e-03      4.86e-03    8.4e-05
 220000      4.04e-03      4.04e-03    7.9e-05
 221000      5.11e-03      5.11e-03    7.9e-05
 222000      3.75e-03      3.75e-03    7.9e-05
 223000      3.48e-03      3.48e-03    7.9e-05
 224000      4.16e-03      4.16e-03    7.9e-05
 225000      4.97e-03      4.97e-03    7.5e-05
 226000      3.94e-03      3.94e-03    7.5e-05
 227000      4.25e-03      4.25e-03    7.5e-05
 228000      4.73e-03      4.73e-03    7.5e-05
 229000      5.69e-03      5.69e-03    7.5e-05
 230000      3.59e-03      3.59e-03    7.1e-05
 231000      4.33e-03      4.33e-03    7.1e-05
 232000      4.97e-03      4.97e-03    7.1e-05
 233000      3.66e-03      3.66e-03    7.1e-05
 234000      4.64e-03      4.64e-03    7.1e-05
 235000      3.79e-03      3.79e-03    6.7e-05
 236000      3.91e-03      3.91e-03    6.7e-05
 237000      4.43e-03      4.43e-03    6.7e-05
 238000      5.73e-03      5.73e-03    6.7e-05
 239000      4.79e-03      4.79e-03    6.7e-05
 240000      4.34e-03      4.34e-03    6.3e-05
 241000      4.35e-03      4.35e-03    6.3e-05
 242000      4.43e-03      4.43e-03    6.3e-05
 243000      3.58e-03      3.58e-03    6.3e-05
 244000      4.89e-03      4.89e-03    6.3e-05
 245000      4.41e-03      4.41e-03    6.0e-05
 246000      3.85e-03      3.85e-03    6.0e-05
 247000      3.55e-03      3.55e-03    6.0e-05
 248000      4.09e-03      4.09e-03    6.0e-05
 249000      3.89e-03      3.89e-03    6.0e-05
 250000      4.12e-03      4.12e-03    5.6e-05
 251000      4.78e-03      4.78e-03    5.6e-05
 252000      4.49e-03      4.49e-03    5.6e-05
 253000      4.72e-03      4.72e-03    5.6e-05
 254000      3.69e-03      3.69e-03    5.6e-05
 255000      4.15e-03      4.15e-03    5.3e-05
 256000      4.70e-03      4.70e-03    5.3e-05
 257000      4.26e-03      4.26e-03    5.3e-05
 258000      3.86e-03      3.86e-03    5.3e-05
 259000      3.99e-03      3.99e-03    5.3e-05
 260000      3.83e-03      3.83e-03    5.0e-05
 261000      4.21e-03      4.21e-03    5.0e-05
 262000      5.37e-03      5.37e-03    5.0e-05
 263000      4.17e-03      4.17e-03    5.0e-05
 264000      4.54e-03      4.54e-03    5.0e-05
 265000      6.34e-03      6.34e-03    4.7e-05
 266000      4.55e-03      4.55e-03    4.7e-05
 267000      4.05e-03      4.05e-03    4.7e-05
 268000      3.84e-03      3.84e-03    4.7e-05
 269000      4.36e-03      4.36e-03    4.7e-05
 270000      5.19e-03      5.19e-03    4.5e-05
 271000      4.21e-03      4.21e-03    4.5e-05
 272000      4.53e-03      4.53e-03    4.5e-05
 273000      3.18e-03      3.18e-03    4.5e-05
 274000      3.46e-03      3.46e-03    4.5e-05
 275000      3.94e-03      3.94e-03    4.2e-05
 276000      4.12e-03      4.12e-03    4.2e-05
 277000      4.80e-03      4.80e-03    4.2e-05
 278000      5.00e-03      5.00e-03    4.2e-05
 279000      4.17e-03      4.17e-03    4.2e-05
 280000      3.73e-03      3.73e-03    4.0e-05
 281000      3.59e-03      3.59e-03    4.0e-05
 282000      4.27e-03      4.27e-03    4.0e-05
 283000      4.58e-03      4.58e-03    4.0e-05
 284000      4.38e-03      4.38e-03    4.0e-05
 285000      3.97e-03      3.97e-03    3.8e-05
 286000      4.56e-03      4.56e-03    3.8e-05
 287000      4.19e-03      4.19e-03    3.8e-05
 288000      3.50e-03      3.50e-03    3.8e-05
 289000      5.72e-03      5.72e-03    3.8e-05
 290000      3.41e-03      3.41e-03    3.5e-05
 291000      3.97e-03      3.97e-03    3.5e-05
 292000      5.06e-03      5.06e-03    3.5e-05
 293000      4.38e-03      4.38e-03    3.5e-05
 294000      3.58e-03      3.58e-03    3.5e-05
 295000      3.56e-03      3.56e-03    3.3e-05
 296000      4.44e-03      4.44e-03    3.3e-05
 297000      4.08e-03      4.08e-03    3.3e-05
 298000      4.75e-03      4.75e-03    3.3e-05
 299000      4.50e-03      4.50e-03    3.3e-05
 300000      4.44e-03      4.44e-03    3.2e-05
 301000      4.53e-03      4.53e-03    3.2e-05
 302000      3.83e-03      3.83e-03    3.2e-05
 303000      4.43e-03      4.43e-03    3.2e-05
 304000      3.97e-03      3.97e-03    3.2e-05
 305000      4.72e-03      4.72e-03    3.0e-05
 306000      4.44e-03      4.44e-03    3.0e-05
 307000      4.24e-03      4.24e-03    3.0e-05
 308000      3.92e-03      3.92e-03    3.0e-05
 309000      4.00e-03      4.00e-03    3.0e-05
 310000      4.06e-03      4.06e-03    2.8e-05
 311000      3.54e-03      3.54e-03    2.8e-05
 312000      5.05e-03      5.05e-03    2.8e-05
 313000      4.08e-03      4.08e-03    2.8e-05
 314000      4.54e-03      4.54e-03    2.8e-05
 315000      3.92e-03      3.92e-03    2.7e-05
 316000      3.90e-03      3.90e-03    2.7e-05
 317000      4.05e-03      4.05e-03    2.7e-05
 318000      3.95e-03      3.95e-03    2.7e-05
 319000      4.14e-03      4.14e-03    2.7e-05
 320000      5.00e-03      5.00e-03    2.5e-05
 321000      4.76e-03      4.76e-03    2.5e-05
 322000      3.53e-03      3.53e-03    2.5e-05
 323000      3.77e-03      3.77e-03    2.5e-05
 324000      4.19e-03      4.19e-03    2.5e-05
 325000      3.66e-03      3.66e-03    2.4e-05
 326000      3.87e-03      3.87e-03    2.4e-05
 327000      3.92e-03      3.92e-03    2.4e-05
 328000      4.01e-03      4.01e-03    2.4e-05
 329000      3.66e-03      3.66e-03    2.4e-05
 330000      4.36e-03      4.36e-03    2.2e-05
 331000      4.80e-03      4.80e-03    2.2e-05
 332000      3.69e-03      3.69e-03    2.2e-05
 333000      4.23e-03      4.23e-03    2.2e-05
 334000      5.70e-03      5.70e-03    2.2e-05
 335000      3.57e-03      3.57e-03    2.1e-05
 336000      3.95e-03      3.95e-03    2.1e-05
 337000      3.68e-03      3.68e-03    2.1e-05
 338000      4.17e-03      4.17e-03    2.1e-05
 339000      4.03e-03      4.03e-03    2.1e-05
 340000      3.81e-03      3.81e-03    2.0e-05
 341000      4.25e-03      4.25e-03    2.0e-05
 342000      4.26e-03      4.26e-03    2.0e-05
 343000      3.54e-03      3.54e-03    2.0e-05
 344000      4.66e-03      4.66e-03    2.0e-05
 345000      4.15e-03      4.15e-03    1.9e-05
 346000      3.20e-03      3.20e-03    1.9e-05
 347000      4.55e-03      4.55e-03    1.9e-05
 348000      3.49e-03      3.49e-03    1.9e-05
 349000      4.46e-03      4.46e-03    1.9e-05
 350000      4.54e-03      4.54e-03    1.8e-05
 351000      4.50e-03      4.50e-03    1.8e-05
 352000      3.29e-03      3.29e-03    1.8e-05
 353000      4.22e-03      4.22e-03    1.8e-05
 354000      3.96e-03      3.96e-03    1.8e-05
 355000      3.65e-03      3.65e-03    1.7e-05
 356000      4.56e-03      4.56e-03    1.7e-05
 357000      4.28e-03      4.28e-03    1.7e-05
 358000      5.78e-03      5.78e-03    1.7e-05
 359000      3.91e-03      3.91e-03    1.7e-05
 360000      4.74e-03      4.74e-03    1.6e-05
 361000      3.66e-03      3.66e-03    1.6e-05
 362000      4.45e-03      4.45e-03    1.6e-05
 363000      4.33e-03      4.33e-03    1.6e-05
 364000      3.65e-03      3.65e-03    1.6e-05
 365000      3.51e-03      3.51e-03    1.5e-05
 366000      3.82e-03      3.82e-03    1.5e-05
 367000      3.80e-03      3.80e-03    1.5e-05
 368000      3.87e-03      3.87e-03    1.5e-05
 369000      8.78e-03      8.78e-03    1.5e-05
 370000      4.23e-03      4.23e-03    1.4e-05
 371000      4.33e-03      4.33e-03    1.4e-05
 372000      4.60e-03      4.60e-03    1.4e-05
 373000      4.03e-03      4.03e-03    1.4e-05
 374000      4.31e-03      4.31e-03    1.4e-05
 375000      4.55e-03      4.55e-03    1.3e-05
 376000      4.85e-03      4.85e-03    1.3e-05
 377000      3.94e-03      3.94e-03    1.3e-05
 378000      3.32e-03      3.32e-03    1.3e-05
 379000      6.11e-03      6.11e-03    1.3e-05
 380000      4.53e-03      4.53e-03    1.3e-05
 381000      4.23e-03      4.23e-03    1.3e-05
 382000      3.69e-03      3.69e-03    1.3e-05
 383000      3.15e-03      3.15e-03    1.3e-05
 384000      5.65e-03      5.65e-03    1.3e-05
 385000      4.19e-03      4.19e-03    1.2e-05
 386000      4.12e-03      4.12e-03    1.2e-05
 387000      5.03e-03      5.03e-03    1.2e-05
 388000      4.32e-03      4.32e-03    1.2e-05
 389000      4.05e-03      4.05e-03    1.2e-05
 390000      4.24e-03      4.24e-03    1.1e-05
 391000      4.56e-03      4.56e-03    1.1e-05
 392000      4.30e-03      4.30e-03    1.1e-05
 393000      3.96e-03      3.96e-03    1.1e-05
 394000      3.67e-03      3.67e-03    1.1e-05
 395000      3.96e-03      3.96e-03    1.1e-05
 396000      3.95e-03      3.95e-03    1.1e-05
 397000      4.67e-03      4.67e-03    1.1e-05
 398000      3.39e-03      3.39e-03    1.1e-05
 399000      3.63e-03      3.63e-03    1.1e-05
 400000      4.44e-03      4.44e-03    1.0e-05
 401000      5.53e-03      5.53e-03    1.0e-05
 402000      5.28e-03      5.28e-03    1.0e-05
 403000      4.76e-03      4.76e-03    1.0e-05
 404000      4.94e-03      4.94e-03    1.0e-05
 405000      4.21e-03      4.21e-03    9.4e-06
 406000      4.53e-03      4.53e-03    9.4e-06
 407000      4.54e-03      4.54e-03    9.4e-06
 408000      4.70e-03      4.70e-03    9.4e-06
 409000      3.72e-03      3.72e-03    9.4e-06
 410000      3.72e-03      3.72e-03    8.9e-06
 411000      4.05e-03      4.05e-03    8.9e-06
 412000      3.79e-03      3.79e-03    8.9e-06
 413000      5.58e-03      5.58e-03    8.9e-06
 414000      4.62e-03      4.62e-03    8.9e-06
 415000      4.03e-03      4.03e-03    8.4e-06
 416000      4.11e-03      4.11e-03    8.4e-06
 417000      4.41e-03      4.41e-03    8.4e-06
 418000      3.49e-03      3.49e-03    8.4e-06
 419000      4.48e-03      4.48e-03    8.4e-06
 420000      2.66e-03      2.66e-03    7.9e-06
 421000      4.12e-03      4.12e-03    7.9e-06
 422000      5.39e-03      5.39e-03    7.9e-06
 423000      4.15e-03      4.15e-03    7.9e-06
 424000      4.07e-03      4.07e-03    7.9e-06
 425000      4.48e-03      4.48e-03    7.5e-06
 426000      3.84e-03      3.84e-03    7.5e-06
 427000      3.84e-03      3.84e-03    7.5e-06
 428000      3.55e-03      3.55e-03    7.5e-06
 429000      3.64e-03      3.64e-03    7.5e-06
 430000      5.30e-03      5.30e-03    7.1e-06
 431000      3.31e-03      3.31e-03    7.1e-06
 432000      4.97e-03      4.97e-03    7.1e-06
 433000      3.99e-03      3.99e-03    7.1e-06
 434000      4.40e-03      4.40e-03    7.1e-06
 435000      4.66e-03      4.66e-03    6.7e-06
 436000      4.01e-03      4.01e-03    6.7e-06
 437000      4.97e-03      4.97e-03    6.7e-06
 438000      6.92e-03      6.92e-03    6.7e-06
 439000      4.19e-03      4.19e-03    6.7e-06
 440000      3.30e-03      3.30e-03    6.3e-06
 441000      4.06e-03      4.06e-03    6.3e-06
 442000      4.25e-03      4.25e-03    6.3e-06
 443000      4.18e-03      4.18e-03    6.3e-06
 444000      4.47e-03      4.47e-03    6.3e-06
 445000      4.26e-03      4.26e-03    6.0e-06
 446000      4.44e-03      4.44e-03    6.0e-06
 447000      4.34e-03      4.34e-03    6.0e-06
 448000      4.50e-03      4.50e-03    6.0e-06
 449000      3.89e-03      3.89e-03    6.0e-06
 450000      4.51e-03      4.51e-03    5.6e-06
 451000      4.14e-03      4.14e-03    5.6e-06
 452000      4.77e-03      4.77e-03    5.6e-06
 453000      3.96e-03      3.96e-03    5.6e-06
 454000      4.59e-03      4.59e-03    5.6e-06
 455000      4.13e-03      4.13e-03    5.3e-06
 456000      4.22e-03      4.22e-03    5.3e-06
 457000      4.25e-03      4.25e-03    5.3e-06
 458000      3.70e-03      3.70e-03    5.3e-06
 459000      5.40e-03      5.40e-03    5.3e-06
 460000      4.18e-03      4.18e-03    5.0e-06
 461000      3.81e-03      3.81e-03    5.0e-06
 462000      3.82e-03      3.82e-03    5.0e-06
 463000      3.59e-03      3.59e-03    5.0e-06
 464000      6.27e-03      6.27e-03    5.0e-06
 465000      3.28e-03      3.28e-03    4.7e-06
 466000      3.46e-03      3.46e-03    4.7e-06
 467000      3.47e-03      3.47e-03    4.7e-06
 468000      4.47e-03      4.47e-03    4.7e-06
 469000      4.18e-03      4.18e-03    4.7e-06
 470000      3.62e-03      3.62e-03    4.5e-06
 471000      4.49e-03      4.49e-03    4.5e-06
 472000      4.11e-03      4.11e-03    4.5e-06
 473000      6.09e-03      6.09e-03    4.5e-06
 474000      3.48e-03      3.48e-03    4.5e-06
 475000      4.17e-03      4.17e-03    4.2e-06
 476000      3.44e-03      3.44e-03    4.2e-06
 477000      4.46e-03      4.46e-03    4.2e-06
 478000      4.16e-03      4.16e-03    4.2e-06
 479000      4.70e-03      4.70e-03    4.2e-06
 480000      3.63e-03      3.63e-03    4.0e-06
 481000      3.49e-03      3.49e-03    4.0e-06
 482000      3.72e-03      3.72e-03    4.0e-06
 483000      5.21e-03      5.21e-03    4.0e-06
 484000      3.81e-03      3.81e-03    4.0e-06
 485000      3.99e-03      3.99e-03    3.8e-06
 486000      4.69e-03      4.69e-03    3.8e-06
 487000      4.50e-03      4.50e-03    3.8e-06
 488000      3.85e-03      3.85e-03    3.8e-06
 489000      4.38e-03      4.38e-03    3.8e-06
 490000      3.78e-03      3.78e-03    3.5e-06
 491000      3.76e-03      3.76e-03    3.5e-06
 492000      3.41e-03      3.41e-03    3.5e-06
 493000      4.58e-03      4.58e-03    3.5e-06
 494000      3.49e-03      3.49e-03    3.5e-06
 495000      4.50e-03      4.50e-03    3.3e-06
 496000      4.30e-03      4.30e-03    3.3e-06
 497000      3.62e-03      3.62e-03    3.3e-06
 498000      3.92e-03      3.92e-03    3.3e-06
 499000      4.01e-03      4.01e-03    3.3e-06
 500000      4.29e-03      4.29e-03    3.2e-06
 501000      3.93e-03      3.93e-03    3.2e-06
 502000      3.88e-03      3.88e-03    3.2e-06
 503000      5.28e-03      5.28e-03    3.2e-06
 504000      3.72e-03      3.72e-03    3.2e-06
 505000      3.68e-03      3.68e-03    3.0e-06
 506000      4.39e-03      4.39e-03    3.0e-06
 507000      4.16e-03      4.16e-03    3.0e-06
 508000      3.78e-03      3.78e-03    3.0e-06
 509000      3.72e-03      3.72e-03    3.0e-06
 510000      4.20e-03      4.20e-03    2.8e-06
 511000      4.14e-03      4.14e-03    2.8e-06
 512000      5.32e-03      5.32e-03    2.8e-06
 513000      3.37e-03      3.37e-03    2.8e-06
 514000      3.55e-03      3.55e-03    2.8e-06
 515000      4.42e-03      4.42e-03    2.7e-06
 516000      3.76e-03      3.76e-03    2.7e-06
 517000      3.86e-03      3.86e-03    2.7e-06
 518000      4.42e-03      4.42e-03    2.7e-06
 519000      4.63e-03      4.63e-03    2.7e-06
 520000      4.24e-03      4.24e-03    2.5e-06
 521000      3.57e-03      3.57e-03    2.5e-06
 522000      3.81e-03      3.81e-03    2.5e-06
 523000      4.19e-03      4.19e-03    2.5e-06
 524000      4.08e-03      4.08e-03    2.5e-06
 525000      3.87e-03      3.87e-03    2.4e-06
 526000      4.31e-03      4.31e-03    2.4e-06
 527000      4.79e-03      4.79e-03    2.4e-06
 528000      4.63e-03      4.63e-03    2.4e-06
 529000      4.33e-03      4.33e-03    2.4e-06
 530000      4.97e-03      4.97e-03    2.2e-06
 531000      4.37e-03      4.37e-03    2.2e-06
 532000      4.42e-03      4.42e-03    2.2e-06
 533000      4.76e-03      4.76e-03    2.2e-06
 534000      4.44e-03      4.44e-03    2.2e-06
 535000      5.35e-03      5.35e-03    2.1e-06
 536000      4.67e-03      4.67e-03    2.1e-06
 537000      4.53e-03      4.53e-03    2.1e-06
 538000      4.60e-03      4.60e-03    2.1e-06
 539000      4.36e-03      4.36e-03    2.1e-06
 540000      4.49e-03      4.49e-03    2.0e-06
 541000      4.63e-03      4.63e-03    2.0e-06
 542000      3.26e-03      3.26e-03    2.0e-06
 543000      3.87e-03      3.87e-03    2.0e-06
 544000      3.88e-03      3.88e-03    2.0e-06
 545000      4.14e-03      4.14e-03    1.9e-06
 546000      4.23e-03      4.23e-03    1.9e-06
 547000      4.02e-03      4.02e-03    1.9e-06
 548000      4.22e-03      4.22e-03    1.9e-06
 549000      4.43e-03      4.43e-03    1.9e-06
 550000      6.13e-03      6.13e-03    1.8e-06
 551000      4.35e-03      4.35e-03    1.8e-06
 552000      3.29e-03      3.29e-03    1.8e-06
 553000      4.41e-03      4.41e-03    1.8e-06
 554000      3.95e-03      3.95e-03    1.8e-06
 555000      4.49e-03      4.49e-03    1.7e-06
 556000      4.65e-03      4.65e-03    1.7e-06
 557000      4.71e-03      4.71e-03    1.7e-06
 558000      2.93e-03      2.93e-03    1.7e-06
 559000      4.80e-03      4.80e-03    1.7e-06
 560000      5.08e-03      5.08e-03    1.6e-06
 561000      3.98e-03      3.98e-03    1.6e-06
 562000      5.30e-03      5.30e-03    1.6e-06
 563000      4.09e-03      4.09e-03    1.6e-06
 564000      3.80e-03      3.80e-03    1.6e-06
 565000      4.08e-03      4.08e-03    1.5e-06
 566000      3.90e-03      3.90e-03    1.5e-06
 567000      3.87e-03      3.87e-03    1.5e-06
 568000      4.19e-03      4.19e-03    1.5e-06
 569000      5.12e-03      5.12e-03    1.5e-06
 570000      3.96e-03      3.96e-03    1.4e-06
 571000      4.42e-03      4.42e-03    1.4e-06
 572000      4.28e-03      4.28e-03    1.4e-06
 573000      4.17e-03      4.17e-03    1.4e-06
 574000      3.29e-03      3.29e-03    1.4e-06
 575000      4.67e-03      4.67e-03    1.3e-06
 576000      4.66e-03      4.66e-03    1.3e-06
 577000      4.28e-03      4.28e-03    1.3e-06
 578000      3.73e-03      3.73e-03    1.3e-06
 579000      2.84e-03      2.84e-03    1.3e-06
 580000      4.81e-03      4.81e-03    1.3e-06
 581000      3.80e-03      3.80e-03    1.3e-06
 582000      4.31e-03      4.31e-03    1.3e-06
 583000      4.33e-03      4.33e-03    1.3e-06
 584000      3.58e-03      3.58e-03    1.3e-06
 585000      5.36e-03      5.36e-03    1.2e-06
 586000      4.18e-03      4.18e-03    1.2e-06
 587000      2.77e-03      2.77e-03    1.2e-06
 588000      4.98e-03      4.98e-03    1.2e-06
 589000      4.03e-03      4.03e-03    1.2e-06
 590000      3.91e-03      3.91e-03    1.1e-06
 591000      4.95e-03      4.95e-03    1.1e-06
 592000      3.98e-03      3.98e-03    1.1e-06
 593000      3.99e-03      3.99e-03    1.1e-06
 594000      3.87e-03      3.87e-03    1.1e-06
 595000      4.32e-03      4.32e-03    1.1e-06
 596000      4.23e-03      4.23e-03    1.1e-06
 597000      4.68e-03      4.68e-03    1.1e-06
 598000      4.14e-03      4.14e-03    1.1e-06
 599000      4.47e-03      4.47e-03    1.1e-06
 600000      3.71e-03      3.71e-03    1.0e-06
 601000      4.19e-03      4.19e-03    1.0e-06
 602000      4.42e-03      4.42e-03    1.0e-06
 603000      4.41e-03      4.41e-03    1.0e-06
 604000      4.39e-03      4.39e-03    1.0e-06
 605000      3.43e-03      3.43e-03    9.4e-07
 606000      4.18e-03      4.18e-03    9.4e-07
 607000      3.59e-03      3.59e-03    9.4e-07
 608000      4.60e-03      4.60e-03    9.4e-07
 609000      4.27e-03      4.27e-03    9.4e-07
 610000      4.26e-03      4.26e-03    8.9e-07
 611000      3.91e-03      3.91e-03    8.9e-07
 612000      4.11e-03      4.11e-03    8.9e-07
 613000      4.13e-03      4.13e-03    8.9e-07
 614000      4.28e-03      4.28e-03    8.9e-07
 615000      4.44e-03      4.44e-03    8.4e-07
 616000      3.71e-03      3.71e-03    8.4e-07
 617000      4.31e-03      4.31e-03    8.4e-07
 618000      3.93e-03      3.93e-03    8.4e-07
 619000      4.03e-03      4.03e-03    8.4e-07
 620000      4.35e-03      4.35e-03    7.9e-07
 621000      3.86e-03      3.86e-03    7.9e-07
 622000      3.68e-03      3.68e-03    7.9e-07
 623000      4.38e-03      4.38e-03    7.9e-07
 624000      3.83e-03      3.83e-03    7.9e-07
 625000      4.31e-03      4.31e-03    7.5e-07
 626000      3.63e-03      3.63e-03    7.5e-07
 627000      4.56e-03      4.56e-03    7.5e-07
 628000      4.78e-03      4.78e-03    7.5e-07
 629000      3.59e-03      3.59e-03    7.5e-07
 630000      3.50e-03      3.50e-03    7.1e-07
 631000      3.94e-03      3.94e-03    7.1e-07
 632000      4.00e-03      4.00e-03    7.1e-07
 633000      4.07e-03      4.07e-03    7.1e-07
 634000      3.84e-03      3.84e-03    7.1e-07
 635000      3.91e-03      3.91e-03    6.7e-07
 636000      4.78e-03      4.78e-03    6.7e-07
 637000      4.06e-03      4.06e-03    6.7e-07
 638000      3.31e-03      3.31e-03    6.7e-07
 639000      3.85e-03      3.85e-03    6.7e-07
 640000      4.35e-03      4.35e-03    6.3e-07
 641000      4.76e-03      4.76e-03    6.3e-07
 642000      4.48e-03      4.48e-03    6.3e-07
 643000      4.07e-03      4.07e-03    6.3e-07
 644000      3.12e-03      3.12e-03    6.3e-07
 645000      4.49e-03      4.49e-03    6.0e-07
 646000      3.23e-03      3.23e-03    6.0e-07
 647000      4.81e-03      4.81e-03    6.0e-07
 648000      4.10e-03      4.10e-03    6.0e-07
 649000      3.83e-03      3.83e-03    6.0e-07
 650000      6.21e-03      6.21e-03    5.6e-07
 651000      4.65e-03      4.65e-03    5.6e-07
 652000      3.99e-03      3.99e-03    5.6e-07
 653000      3.96e-03      3.96e-03    5.6e-07
 654000      3.83e-03      3.83e-03    5.6e-07
 655000      4.45e-03      4.45e-03    5.3e-07
 656000      3.91e-03      3.91e-03    5.3e-07
 657000      4.11e-03      4.11e-03    5.3e-07
 658000      4.00e-03      4.00e-03    5.3e-07
 659000      4.41e-03      4.41e-03    5.3e-07
 660000      5.46e-03      5.46e-03    5.0e-07
 661000      4.84e-03      4.84e-03    5.0e-07
 662000      3.41e-03      3.41e-03    5.0e-07
 663000      3.88e-03      3.88e-03    5.0e-07
 664000      3.16e-03      3.16e-03    5.0e-07
 665000      4.29e-03      4.29e-03    4.7e-07
 666000      4.17e-03      4.17e-03    4.7e-07
 667000      4.33e-03      4.33e-03    4.7e-07
 668000      4.15e-03      4.15e-03    4.7e-07
 669000      3.92e-03      3.92e-03    4.7e-07
 670000      4.62e-03      4.62e-03    4.5e-07
 671000      4.30e-03      4.30e-03    4.5e-07
 672000      3.79e-03      3.79e-03    4.5e-07
 673000      3.42e-03      3.42e-03    4.5e-07
 674000      4.09e-03      4.09e-03    4.5e-07
 675000      4.50e-03      4.50e-03    4.2e-07
 676000      3.82e-03      3.82e-03    4.2e-07
 677000      3.49e-03      3.49e-03    4.2e-07
 678000      3.79e-03      3.79e-03    4.2e-07
 679000      3.91e-03      3.91e-03    4.2e-07
 680000      5.35e-03      5.35e-03    4.0e-07
 681000      4.30e-03      4.30e-03    4.0e-07
 682000      4.26e-03      4.26e-03    4.0e-07
 683000      4.46e-03      4.46e-03    4.0e-07
 684000      4.66e-03      4.66e-03    4.0e-07
 685000      3.84e-03      3.84e-03    3.8e-07
 686000      3.93e-03      3.93e-03    3.8e-07
 687000      2.95e-03      2.95e-03    3.8e-07
 688000      3.77e-03      3.77e-03    3.8e-07
 689000      4.25e-03      4.25e-03    3.8e-07
 690000      3.74e-03      3.74e-03    3.5e-07
 691000      4.84e-03      4.84e-03    3.5e-07
 692000      3.56e-03      3.56e-03    3.5e-07
 693000      3.84e-03      3.84e-03    3.5e-07
 694000      5.10e-03      5.10e-03    3.5e-07
 695000      3.01e-03      3.01e-03    3.3e-07
 696000      3.47e-03      3.47e-03    3.3e-07
 697000      4.08e-03      4.08e-03    3.3e-07
 698000      3.92e-03      3.92e-03    3.3e-07
 699000      3.67e-03      3.67e-03    3.3e-07
 700000      3.34e-03      3.34e-03    3.2e-07
 701000      4.12e-03      4.12e-03    3.2e-07
 702000      4.88e-03      4.88e-03    3.2e-07
 703000      3.92e-03      3.92e-03    3.2e-07
 704000      4.85e-03      4.85e-03    3.2e-07
 705000      3.90e-03      3.90e-03    3.0e-07
 706000      4.06e-03      4.06e-03    3.0e-07
 707000      4.12e-03      4.12e-03    3.0e-07
 708000      4.70e-03      4.70e-03    3.0e-07
 709000      3.79e-03      3.79e-03    3.0e-07
 710000      3.88e-03      3.88e-03    2.8e-07
 711000      3.96e-03      3.96e-03    2.8e-07
 712000      3.59e-03      3.59e-03    2.8e-07
 713000      4.46e-03      4.46e-03    2.8e-07
 714000      6.44e-03      6.44e-03    2.8e-07
 715000      3.06e-03      3.06e-03    2.7e-07
 716000      4.11e-03      4.11e-03    2.7e-07
 717000      3.90e-03      3.90e-03    2.7e-07
 718000      4.71e-03      4.71e-03    2.7e-07
 719000      4.37e-03      4.37e-03    2.7e-07
 720000      4.80e-03      4.80e-03    2.5e-07
 721000      3.99e-03      3.99e-03    2.5e-07
 722000      4.49e-03      4.49e-03    2.5e-07
 723000      4.12e-03      4.12e-03    2.5e-07
 724000      3.80e-03      3.80e-03    2.5e-07
 725000      4.49e-03      4.49e-03    2.4e-07
 726000      5.16e-03      5.16e-03    2.4e-07
 727000      3.72e-03      3.72e-03    2.4e-07
 728000      3.33e-03      3.33e-03    2.4e-07
 729000      4.94e-03      4.94e-03    2.4e-07
 730000      3.57e-03      3.57e-03    2.2e-07
 731000      3.89e-03      3.89e-03    2.2e-07
 732000      4.82e-03      4.82e-03    2.2e-07
 733000      4.78e-03      4.78e-03    2.2e-07
 734000      4.17e-03      4.17e-03    2.2e-07
 735000      4.27e-03      4.27e-03    2.1e-07
 736000      3.48e-03      3.48e-03    2.1e-07
 737000      5.17e-03      5.17e-03    2.1e-07
 738000      4.75e-03      4.75e-03    2.1e-07
 739000      3.81e-03      3.81e-03    2.1e-07
 740000      3.98e-03      3.98e-03    2.0e-07
 741000      3.70e-03      3.70e-03    2.0e-07
 742000      4.89e-03      4.89e-03    2.0e-07
 743000      3.78e-03      3.78e-03    2.0e-07
 744000      3.75e-03      3.75e-03    2.0e-07
 745000      4.60e-03      4.60e-03    1.9e-07
 746000      4.11e-03      4.11e-03    1.9e-07
 747000      4.68e-03      4.68e-03    1.9e-07
 748000      4.37e-03      4.37e-03    1.9e-07
 749000      3.81e-03      3.81e-03    1.9e-07
 750000      4.49e-03      4.49e-03    1.8e-07
 751000      3.61e-03      3.61e-03    1.8e-07
 752000      4.68e-03      4.68e-03    1.8e-07
 753000      4.42e-03      4.42e-03    1.8e-07
 754000      4.51e-03      4.51e-03    1.8e-07
 755000      3.27e-03      3.27e-03    1.7e-07
 756000      3.98e-03      3.98e-03    1.7e-07
 757000      3.86e-03      3.86e-03    1.7e-07
 758000      3.53e-03      3.53e-03    1.7e-07
 759000      4.33e-03      4.33e-03    1.7e-07
 760000      4.81e-03      4.81e-03    1.6e-07
 761000      3.88e-03      3.88e-03    1.6e-07
 762000      4.58e-03      4.58e-03    1.6e-07
 763000      4.27e-03      4.27e-03    1.6e-07
 764000      4.10e-03      4.10e-03    1.6e-07
 765000      4.73e-03      4.73e-03    1.5e-07
 766000      4.63e-03      4.63e-03    1.5e-07
 767000      3.61e-03      3.61e-03    1.5e-07
 768000      5.29e-03      5.29e-03    1.5e-07
 769000      7.48e-03      7.48e-03    1.5e-07
 770000      3.90e-03      3.90e-03    1.4e-07
 771000      4.13e-03      4.13e-03    1.4e-07
 772000      3.99e-03      3.99e-03    1.4e-07
 773000      2.77e-03      2.77e-03    1.4e-07
 774000      3.50e-03      3.50e-03    1.4e-07
 775000      3.99e-03      3.99e-03    1.3e-07
 776000      3.13e-03      3.13e-03    1.3e-07
 777000      4.95e-03      4.95e-03    1.3e-07
 778000      3.64e-03      3.64e-03    1.3e-07
 779000      4.66e-03      4.66e-03    1.3e-07
 780000      4.79e-03      4.79e-03    1.3e-07
 781000      3.99e-03      3.99e-03    1.3e-07
 782000      3.57e-03      3.57e-03    1.3e-07
 783000      4.05e-03      4.05e-03    1.3e-07
 784000      4.19e-03      4.19e-03    1.3e-07
 785000      3.80e-03      3.80e-03    1.2e-07
 786000      4.77e-03      4.77e-03    1.2e-07
 787000      4.53e-03      4.53e-03    1.2e-07
 788000      3.75e-03      3.75e-03    1.2e-07
 789000      3.48e-03      3.48e-03    1.2e-07
 790000      4.43e-03      4.43e-03    1.1e-07
 791000      4.32e-03      4.32e-03    1.1e-07
 792000      3.99e-03      3.99e-03    1.1e-07
 793000      4.09e-03      4.09e-03    1.1e-07
 794000      4.86e-03      4.86e-03    1.1e-07
 795000      4.62e-03      4.62e-03    1.1e-07
 796000      3.53e-03      3.53e-03    1.1e-07
 797000      3.98e-03      3.98e-03    1.1e-07
 798000      4.10e-03      4.10e-03    1.1e-07
 799000      4.42e-03      4.42e-03    1.1e-07
 800000      4.24e-03      4.24e-03    1.0e-07
 801000      5.14e-03      5.14e-03    1.0e-07
 802000      3.33e-03      3.33e-03    1.0e-07
 803000      3.66e-03      3.66e-03    1.0e-07
 804000      4.59e-03      4.59e-03    1.0e-07
 805000      3.41e-03      3.41e-03    9.4e-08
 806000      4.63e-03      4.63e-03    9.4e-08
 807000      3.71e-03      3.71e-03    9.4e-08
 808000      3.76e-03      3.76e-03    9.4e-08
 809000      4.34e-03      4.34e-03    9.4e-08
 810000      4.75e-03      4.75e-03    8.9e-08
 811000      4.77e-03      4.77e-03    8.9e-08
 812000      4.00e-03      4.00e-03    8.9e-08
 813000      4.15e-03      4.15e-03    8.9e-08
 814000      3.85e-03      3.85e-03    8.9e-08
 815000      2.94e-03      2.94e-03    8.4e-08
 816000      5.54e-03      5.54e-03    8.4e-08
 817000      3.97e-03      3.97e-03    8.4e-08
 818000      4.76e-03      4.76e-03    8.4e-08
 819000      3.51e-03      3.51e-03    8.4e-08
 820000      5.46e-03      5.46e-03    7.9e-08
 821000      4.16e-03      4.16e-03    7.9e-08
 822000      3.90e-03      3.90e-03    7.9e-08
 823000      3.44e-03      3.44e-03    7.9e-08
 824000      3.96e-03      3.96e-03    7.9e-08
 825000      4.18e-03      4.18e-03    7.5e-08
 826000      4.21e-03      4.21e-03    7.5e-08
 827000      4.03e-03      4.03e-03    7.5e-08
 828000      3.83e-03      3.83e-03    7.5e-08
 829000      3.43e-03      3.43e-03    7.5e-08
 830000      3.98e-03      3.98e-03    7.1e-08
 831000      3.67e-03      3.67e-03    7.1e-08
 832000      3.15e-03      3.15e-03    7.1e-08
 833000      4.11e-03      4.11e-03    7.1e-08
 834000      3.62e-03      3.62e-03    7.1e-08
 835000      4.28e-03      4.28e-03    6.7e-08
 836000      4.23e-03      4.23e-03    6.7e-08
 837000      4.44e-03      4.44e-03    6.7e-08
 838000      3.83e-03      3.83e-03    6.7e-08
 839000      4.56e-03      4.56e-03    6.7e-08
 840000      3.71e-03      3.71e-03    6.3e-08
 841000      4.45e-03      4.45e-03    6.3e-08
 842000      4.84e-03      4.84e-03    6.3e-08
 843000      3.79e-03      3.79e-03    6.3e-08
 844000      3.94e-03      3.94e-03    6.3e-08
 845000      3.94e-03      3.94e-03    6.0e-08
 846000      5.10e-03      5.10e-03    6.0e-08
 847000      3.49e-03      3.49e-03    6.0e-08
 848000      3.98e-03      3.98e-03    6.0e-08
 849000      4.09e-03      4.09e-03    6.0e-08
 850000      4.28e-03      4.28e-03    5.6e-08
 851000      4.97e-03      4.97e-03    5.6e-08
 852000      4.94e-03      4.94e-03    5.6e-08
 853000      4.26e-03      4.26e-03    5.6e-08
 854000      3.71e-03      3.71e-03    5.6e-08
 855000      4.13e-03      4.13e-03    5.3e-08
 856000      3.90e-03      3.90e-03    5.3e-08
 857000      4.93e-03      4.93e-03    5.3e-08
 858000      4.38e-03      4.38e-03    5.3e-08
 859000      5.28e-03      5.28e-03    5.3e-08
 860000      3.45e-03      3.45e-03    5.0e-08
 861000      4.78e-03      4.78e-03    5.0e-08
 862000      4.42e-03      4.42e-03    5.0e-08
 863000      4.63e-03      4.63e-03    5.0e-08
 864000      4.78e-03      4.78e-03    5.0e-08
 865000      7.48e-03      7.48e-03    4.7e-08
 866000      4.12e-03      4.12e-03    4.7e-08
 867000      4.27e-03      4.27e-03    4.7e-08
 868000      3.13e-03      3.13e-03    4.7e-08
 869000      3.26e-03      3.26e-03    4.7e-08
 870000      3.29e-03      3.29e-03    4.5e-08
 871000      3.28e-03      3.28e-03    4.5e-08
 872000      4.67e-03      4.67e-03    4.5e-08
 873000      4.20e-03      4.20e-03    4.5e-08
 874000      4.33e-03      4.33e-03    4.5e-08
 875000      4.10e-03      4.10e-03    4.2e-08
 876000      4.19e-03      4.19e-03    4.2e-08
 877000      3.94e-03      3.94e-03    4.2e-08
 878000      3.93e-03      3.93e-03    4.2e-08
 879000      5.01e-03      5.01e-03    4.2e-08
 880000      4.09e-03      4.09e-03    4.0e-08
 881000      5.92e-03      5.92e-03    4.0e-08
 882000      3.83e-03      3.83e-03    4.0e-08
 883000      3.90e-03      3.90e-03    4.0e-08
 884000      6.04e-03      6.04e-03    4.0e-08
 885000      4.41e-03      4.41e-03    3.8e-08
 886000      3.45e-03      3.45e-03    3.8e-08
 887000      3.22e-03      3.22e-03    3.8e-08
 888000      3.88e-03      3.88e-03    3.8e-08
 889000      4.60e-03      4.60e-03    3.8e-08
 890000      4.95e-03      4.95e-03    3.5e-08
 891000      4.81e-03      4.81e-03    3.5e-08
 892000      4.01e-03      4.01e-03    3.5e-08
 893000      4.58e-03      4.58e-03    3.5e-08
 894000      3.62e-03      3.62e-03    3.5e-08
 895000      4.70e-03      4.70e-03    3.3e-08
 896000      4.23e-03      4.23e-03    3.3e-08
 897000      3.58e-03      3.58e-03    3.3e-08
 898000      4.08e-03      4.08e-03    3.3e-08
 899000      4.68e-03      4.68e-03    3.3e-08
 900000      5.15e-03      5.15e-03    3.2e-08
 901000      4.65e-03      4.65e-03    3.2e-08
 902000      3.83e-03      3.83e-03    3.2e-08
 903000      5.37e-03      5.37e-03    3.2e-08
 904000      4.12e-03      4.12e-03    3.2e-08
 905000      3.52e-03      3.52e-03    3.0e-08
 906000      4.31e-03      4.31e-03    3.0e-08
 907000      3.42e-03      3.42e-03    3.0e-08
 908000      3.94e-03      3.94e-03    3.0e-08
 909000      4.41e-03      4.41e-03    3.0e-08
 910000      4.02e-03      4.02e-03    2.8e-08
 911000      5.50e-03      5.50e-03    2.8e-08
 912000      4.70e-03      4.70e-03    2.8e-08
 913000      4.72e-03      4.72e-03    2.8e-08
 914000      3.27e-03      3.27e-03    2.8e-08
 915000      4.09e-03      4.09e-03    2.7e-08
 916000      3.39e-03      3.39e-03    2.7e-08
 917000      3.76e-03      3.76e-03    2.7e-08
 918000      4.01e-03      4.01e-03    2.7e-08
 919000      4.45e-03      4.45e-03    2.7e-08
 920000      4.15e-03      4.15e-03    2.5e-08
 921000      4.01e-03      4.01e-03    2.5e-08
 922000      4.31e-03      4.31e-03    2.5e-08
 923000      5.22e-03      5.22e-03    2.5e-08
 924000      6.37e-03      6.37e-03    2.5e-08
 925000      3.46e-03      3.46e-03    2.4e-08
 926000      4.83e-03      4.83e-03    2.4e-08
 927000      3.50e-03      3.50e-03    2.4e-08
 928000      4.41e-03      4.41e-03    2.4e-08
 929000      4.55e-03      4.55e-03    2.4e-08
 930000      3.99e-03      3.99e-03    2.2e-08
 931000      6.02e-03      6.02e-03    2.2e-08
 932000      5.34e-03      5.34e-03    2.2e-08
 933000      4.13e-03      4.13e-03    2.2e-08
 934000      4.13e-03      4.13e-03    2.2e-08
 935000      5.36e-03      5.36e-03    2.1e-08
 936000      3.99e-03      3.99e-03    2.1e-08
 937000      3.99e-03      3.99e-03    2.1e-08
 938000      3.71e-03      3.71e-03    2.1e-08
 939000      4.88e-03      4.88e-03    2.1e-08
 940000      3.26e-03      3.26e-03    2.0e-08
 941000      3.52e-03      3.52e-03    2.0e-08
 942000      3.42e-03      3.42e-03    2.0e-08
 943000      4.30e-03      4.30e-03    2.0e-08
 944000      2.86e-03      2.86e-03    2.0e-08
 945000      3.71e-03      3.71e-03    1.9e-08
 946000      3.69e-03      3.69e-03    1.9e-08
 947000      3.86e-03      3.86e-03    1.9e-08
 948000      4.78e-03      4.78e-03    1.9e-08
 949000      5.37e-03      5.37e-03    1.9e-08
 950000      5.10e-03      5.10e-03    1.8e-08
 951000      6.37e-03      6.37e-03    1.8e-08
 952000      3.43e-03      3.43e-03    1.8e-08
 953000      3.63e-03      3.63e-03    1.8e-08
 954000      3.71e-03      3.71e-03    1.8e-08
 955000      5.04e-03      5.04e-03    1.7e-08
 956000      5.57e-03      5.57e-03    1.7e-08
 957000      3.54e-03      3.54e-03    1.7e-08
 958000      3.38e-03      3.38e-03    1.7e-08
 959000      3.79e-03      3.79e-03    1.7e-08
 960000      4.31e-03      4.31e-03    1.6e-08
 961000      3.53e-03      3.53e-03    1.6e-08
 962000      4.22e-03      4.22e-03    1.6e-08
 963000      4.00e-03      4.00e-03    1.6e-08
 964000      4.51e-03      4.51e-03    1.6e-08
 965000      3.59e-03      3.59e-03    1.5e-08
 966000      3.62e-03      3.62e-03    1.5e-08
 967000      3.73e-03      3.73e-03    1.5e-08
 968000      3.96e-03      3.96e-03    1.5e-08
 969000      4.29e-03      4.29e-03    1.5e-08
 970000      4.00e-03      4.00e-03    1.4e-08
 971000      7.48e-03      7.48e-03    1.4e-08
 972000      4.64e-03      4.64e-03    1.4e-08
 973000      4.22e-03      4.22e-03    1.4e-08
 974000      3.45e-03      3.45e-03    1.4e-08
 975000      3.73e-03      3.73e-03    1.3e-08
 976000      3.83e-03      3.83e-03    1.3e-08
 977000      3.88e-03      3.88e-03    1.3e-08
 978000      3.72e-03      3.72e-03    1.3e-08
 979000      3.54e-03      3.54e-03    1.3e-08
 980000      4.05e-03      4.05e-03    1.3e-08
 981000      4.38e-03      4.38e-03    1.3e-08
 982000      4.55e-03      4.55e-03    1.3e-08
 983000      4.27e-03      4.27e-03    1.3e-08
 984000      4.13e-03      4.13e-03    1.3e-08
 985000      4.55e-03      4.55e-03    1.2e-08
 986000      5.92e-03      5.92e-03    1.2e-08
 987000      4.47e-03      4.47e-03    1.2e-08
 988000      4.12e-03      4.12e-03    1.2e-08
 989000      3.66e-03      3.66e-03    1.2e-08
 990000      3.97e-03      3.97e-03    1.1e-08
 991000      4.25e-03      4.25e-03    1.1e-08
 992000      4.63e-03      4.63e-03    1.1e-08
 993000      3.57e-03      3.57e-03    1.1e-08
 994000      4.57e-03      4.57e-03    1.1e-08
 995000      3.97e-03      3.97e-03    1.1e-08
 996000      3.43e-03      3.43e-03    1.1e-08
 997000      5.71e-03      5.71e-03    1.1e-08
 998000      4.31e-03      4.31e-03    1.1e-08
 999000      4.19e-03      4.19e-03    1.1e-08
1000000      5.35e-03      5.35e-03    1.0e-08
